#
# There is insufficient memory for the Java Runtime Environment to continue.
# Native memory allocation (mmap) failed to map 268435456 bytes for G1 virtual space
# Possible reasons:
#   The system is out of physical RAM or swap space
#   The process is running with CompressedOops enabled, and the Java Heap may be blocking the growth of the native heap
# Possible solutions:
#   Reduce memory load on the system
#   Increase physical memory or swap space
#   Check if swap backing store is full
#   Decrease Java heap size (-Xmx/-Xms)
#   Decrease number of Java threads
#   Decrease Java thread stack sizes (-Xss)
#   Set larger code cache with -XX:ReservedCodeCacheSize=
#   JVM is running with Zero Based Compressed Oops mode in which the Java heap is
#     placed in the first 32GB address space. The Java Heap base address is the
#     maximum limit for the native heap growth. Please use -XX:HeapBaseMinAddress
#     to set the Java Heap base and to place the Java Heap above 32GB virtual address.
# This output file may be truncated or incomplete.
#
#  Out of Memory Error (os_windows.cpp:3771), pid=19804, tid=2264
#
# JRE version:  (17.0.7) (build )
# Java VM: OpenJDK 64-Bit Server VM (17.0.7+0-b2043.56-10550314, mixed mode, sharing, tiered, compressed oops, compressed class ptrs, g1 gc, windows-amd64)
# No core dump will be written. Minidumps are not enabled by default on client versions of Windows
#

---------------  S U M M A R Y ------------

Command Line: org.jetbrains.kotlin.cli.jvm.K2JVMCompiler @C:\Users\yjot2\AndroidStudioProjects\Affirmations\app\build\20231207_13186030843899855922.compiler.options

Host: Intel(R) Core(TM) i7-8550U CPU @ 1.80GHz, 8 cores, 15G,  Windows 10 , 64 bit Build 19041 (10.0.19041.3636)
Time: Thu Dec  7 21:30:53 2023 SA Pacific Standard Time elapsed time: 0.022855 seconds (0d 0h 0m 0s)

---------------  T H R E A D  ---------------

Current thread (0x00000191cb8dc500):  JavaThread "Unknown thread" [_thread_in_vm, id=2264, stack(0x0000006946500000,0x0000006946600000)]

Stack: [0x0000006946500000,0x0000006946600000]
Native frames: (J=compiled Java code, j=interpreted, Vv=VM code, C=native code)
V  [jvm.dll+0x683bfa]
V  [jvm.dll+0x8430a4]
V  [jvm.dll+0x8449be]
V  [jvm.dll+0x845023]
V  [jvm.dll+0x24ad2f]
V  [jvm.dll+0x680ac9]
V  [jvm.dll+0x67519a]
V  [jvm.dll+0x30b3cb]
V  [jvm.dll+0x312876]
V  [jvm.dll+0x36221e]
V  [jvm.dll+0x36244f]
V  [jvm.dll+0x2e14a8]
V  [jvm.dll+0x2e2414]
V  [jvm.dll+0x814391]
V  [jvm.dll+0x36ffe1]
V  [jvm.dll+0x7f396c]
V  [jvm.dll+0x3f305f]
V  [jvm.dll+0x3f4b91]
C  [jli.dll+0x528f]
C  [ucrtbase.dll+0x21bb2]
C  [KERNEL32.DLL+0x17344]
C  [ntdll.dll+0x526b1]


---------------  P R O C E S S  ---------------

Threads class SMR info:
_java_thread_list=0x00007ffd0b15d098, length=0, elements={
}

Java Threads: ( => current thread )

Other Threads:
  0x00000191cb946670 GCTaskThread "GC Thread#0" [stack: 0x0000006946600000,0x0000006946700000] [id=18680]
  0x00000191cb9573f0 ConcurrentGCThread "G1 Main Marker" [stack: 0x0000006946700000,0x0000006946800000] [id=3028]
  0x00000191cb9585a0 ConcurrentGCThread "G1 Conc#0" [stack: 0x0000006946800000,0x0000006946900000] [id=15736]

[error occurred during error reporting (printing all threads), id 0xc0000005, EXCEPTION_ACCESS_VIOLATION (0xc0000005) at pc=0x00007ffd0a912087]

VM state: not at safepoint (not fully initialized)

VM Mutex/Monitor currently owned by a thread:  ([mutex/lock_event])
[0x00000191cb8d8ba0] Heap_lock - owner thread: 0x00000191cb8dc500

Heap address: 0x0000000701c00000, size: 4068 MB, Compressed Oops mode: Zero based, Oop shift amount: 3

CDS archive(s) mapped at: [0x0000000000000000-0x0000000000000000-0x0000000000000000), size 0, SharedBaseAddress: 0x0000000800000000, ArchiveRelocationMode: 0.
Narrow klass base: 0x0000000000000000, Narrow klass shift: 0, Narrow klass range: 0x0

GC Precious Log:
<Empty>

Heap:
 garbage-first heap   total 0K, used 0K [0x0000000701c00000, 0x0000000800000000)
  region size 2048K, 0 young (0K), 0 survivors (0K)
 Metaspace       used 0K, committed 0K, reserved 0K
  class space    used 0K, committed 0K, reserved 0K

Heap Regions: E=young(eden), S=young(survivor), O=old, HS=humongous(starts), HC=humongous(continues), CS=collection set, F=free, OA=open archive, CA=closed archive, TAMS=top-at-mark-start (previous, next)

Card table byte_map: [0x00000191e0800000,0x00000191e1000000] _byte_map_base: 0x00000191dcff2000

Marking Bits (Prev, Next): (CMBitMap*) 0x00000191cb946c80, (CMBitMap*) 0x00000191cb946cc0
 Prev Bits: [0x00000191e1800000, 0x00000191e5790000)
 Next Bits: [0x00000191e5790000, 0x00000191e9720000)

GC Heap History (0 events):
No events

Dll operation events (1 events):
Event: 0.014 Loaded shared library C:\Program Files\Android\Android Studio\jbr\bin\java.dll

Deoptimization events (0 events):
No events

Classes unloaded (0 events):
No events

Classes redefined (0 events):
No events

Internal exceptions (0 events):
No events

VM Operations (0 events):
No events

Events (0 events):
No events


Dynamic libraries:
0x00007ff6d2c90000 - 0x00007ff6d2c9a000 	C:\Program Files\Android\Android Studio\jbr\bin\java.exe
0x00007ffd55390000 - 0x00007ffd55588000 	C:\Windows\SYSTEM32\ntdll.dll
0x00007ffd54960000 - 0x00007ffd54a1d000 	C:\Windows\System32\KERNEL32.DLL
0x00007ffd52df0000 - 0x00007ffd530e6000 	C:\Windows\System32\KERNELBASE.dll
0x00007ffd4edc0000 - 0x00007ffd4ee50000 	C:\Windows\SYSTEM32\apphelp.dll
0x00007ffd532a0000 - 0x00007ffd533a0000 	C:\Windows\System32\ucrtbase.dll
0x00007ffd2bd40000 - 0x00007ffd2bd5b000 	C:\Program Files\Android\Android Studio\jbr\bin\VCRUNTIME140.dll
0x00007ffd43100000 - 0x00007ffd43117000 	C:\Program Files\Android\Android Studio\jbr\bin\jli.dll
0x00007ffd53d80000 - 0x00007ffd53f1e000 	C:\Windows\System32\USER32.dll
0x00007ffd52c60000 - 0x00007ffd52c82000 	C:\Windows\System32\win32u.dll
0x00007ffd30490000 - 0x00007ffd3072a000 	C:\Windows\WinSxS\amd64_microsoft.windows.common-controls_6595b64144ccf1df_6.0.19041.3636_none_60b6a03d71f818d5\COMCTL32.dll
0x00007ffd53450000 - 0x00007ffd5347c000 	C:\Windows\System32\GDI32.dll
0x00007ffd54040000 - 0x00007ffd540de000 	C:\Windows\System32\msvcrt.dll
0x00007ffd530f0000 - 0x00007ffd5320a000 	C:\Windows\System32\gdi32full.dll
0x00007ffd52b90000 - 0x00007ffd52c2d000 	C:\Windows\System32\msvcp_win.dll
0x00007ffd55320000 - 0x00007ffd55350000 	C:\Windows\System32\IMM32.DLL
0x00007ffd3c670000 - 0x00007ffd3c67c000 	C:\Program Files\Android\Android Studio\jbr\bin\vcruntime140_1.dll
0x00007ffd15fb0000 - 0x00007ffd1603d000 	C:\Program Files\Android\Android Studio\jbr\bin\msvcp140.dll
0x00007ffd0a620000 - 0x00007ffd0b2a0000 	C:\Program Files\Android\Android Studio\jbr\bin\server\jvm.dll
0x00007ffd54740000 - 0x00007ffd547ef000 	C:\Windows\System32\ADVAPI32.dll
0x00007ffd548c0000 - 0x00007ffd5495c000 	C:\Windows\System32\sechost.dll
0x00007ffd53690000 - 0x00007ffd537b6000 	C:\Windows\System32\RPCRT4.dll
0x00007ffd44a30000 - 0x00007ffd44a39000 	C:\Windows\SYSTEM32\WSOCK32.dll
0x00007ffd2eb50000 - 0x00007ffd2eb77000 	C:\Windows\SYSTEM32\WINMM.dll
0x00007ffd4c600000 - 0x00007ffd4c60a000 	C:\Windows\SYSTEM32\VERSION.dll
0x00007ffd53fd0000 - 0x00007ffd5403b000 	C:\Windows\System32\WS2_32.dll
0x00007ffd512c0000 - 0x00007ffd512d2000 	C:\Windows\SYSTEM32\kernel.appcore.dll
0x00007ffd4cc00000 - 0x00007ffd4cc0a000 	C:\Program Files\Android\Android Studio\jbr\bin\jimage.dll
0x00007ffd50830000 - 0x00007ffd50a14000 	C:\Windows\SYSTEM32\DBGHELP.DLL
0x00007ffd49a80000 - 0x00007ffd49ab4000 	C:\Windows\SYSTEM32\dbgcore.DLL
0x00007ffd53210000 - 0x00007ffd53292000 	C:\Windows\System32\bcryptPrimitives.dll
0x00007ffd45030000 - 0x00007ffd45055000 	C:\Program Files\Android\Android Studio\jbr\bin\java.dll

dbghelp: loaded successfully - version: 4.0.5 - missing functions: none
symbol engine: initialized successfully - sym options: 0x614 - pdb path: .;C:\Program Files\Android\Android Studio\jbr\bin;C:\Windows\SYSTEM32;C:\Windows\WinSxS\amd64_microsoft.windows.common-controls_6595b64144ccf1df_6.0.19041.3636_none_60b6a03d71f818d5;C:\Program Files\Android\Android Studio\jbr\bin\server

VM Arguments:
java_command: org.jetbrains.kotlin.cli.jvm.K2JVMCompiler @C:\Users\yjot2\AndroidStudioProjects\Affirmations\app\build\20231207_13186030843899855922.compiler.options
java_class_path (initial): C:\Users\yjot2\.gradle\caches\modules-2\files-2.1\org.jetbrains.kotlin\kotlin-compiler-embeddable\1.8.10\b0757fd774344d54ce93f5ad6c30ba1c1731c8ff\kotlin-compiler-embeddable-1.8.10.jar;C:\Users\yjot2\.gradle\caches\modules-2\files-2.1\org.jetbrains.kotlin\kotlin-stdlib\1.8.10\6d5560a229477df9406943d5feda5618e98eb64c\kotlin-stdlib-1.8.10.jar;C:\Users\yjot2\.gradle\caches\modules-2\files-2.1\org.jetbrains.kotlin\kotlin-script-runtime\1.8.10\b13ea9c7e46d589139e56086a878763290e20bd5\kotlin-script-runtime-1.8.10.jar;C:\Users\yjot2\.gradle\caches\modules-2\files-2.1\org.jetbrains.kotlin\kotlin-reflect\1.6.10\1cbe9c92c12a94eea200d23c2bbaedaf3daf5132\kotlin-reflect-1.6.10.jar;C:\Users\yjot2\.gradle\caches\modules-2\files-2.1\org.jetbrains.kotlin\kotlin-daemon-embeddable\1.8.10\ad8541d9bc1cf9e52c3204161247910c2cf601d4\kotlin-daemon-embeddable-1.8.10.jar;C:\Users\yjot2\.gradle\caches\modules-2\files-2.1\org.jetbrains.intellij.deps\trove4j\1.0.20200330\3afb14d5f9ceb459d724e907a21145e8ff394f02\trove4j-1.0.20200330.jar;C:\Users\yjot2\.gradle\caches\modules-2\files-2.1\net.java.dev.jna\jna\5.6.0\330f2244e9030119ab3030fc3fededc86713d9cc\jna-5.6.0.jar;C:\Users\yjot2\.gradle\caches\modules-2\files-2.1\org.jetbrains.kotlin\kotlin-stdlib-common\1.8.10\a61b182458550492c12aee66157d7b524a63a5ec\kotlin-stdlib-common-1.8.10.jar;C:\Users\yjot2\.gradle\caches\modules-2\files-2.1\org.jetbrains\annotations\13.0\919f0dfe192fb4e063e7dacadee7f8bb9a2672a9\annotations-13.0.jar
Launcher Type: SUN_STANDARD

[Global flags]
     intx CICompilerCount                          = 4                                         {product} {ergonomic}
     uint ConcGCThreads                            = 2                                         {product} {ergonomic}
     uint G1ConcRefinementThreads                  = 8                                         {product} {ergonomic}
   size_t G1HeapRegionSize                         = 2097152                                   {product} {ergonomic}
    uintx GCDrainStackTargetSize                   = 64                                        {product} {ergonomic}
   size_t InitialHeapSize                          = 268435456                                 {product} {ergonomic}
   size_t MarkStackSize                            = 4194304                                   {product} {ergonomic}
   size_t MaxHeapSize                              = 4265607168                                {product} {ergonomic}
   size_t MinHeapDeltaBytes                        = 2097152                                   {product} {ergonomic}
   size_t MinHeapSize                              = 8388608                                   {product} {ergonomic}
    uintx NonNMethodCodeHeapSize                   = 5839372                                {pd product} {ergonomic}
    uintx NonProfiledCodeHeapSize                  = 122909434                              {pd product} {ergonomic}
    uintx ProfiledCodeHeapSize                     = 122909434                              {pd product} {ergonomic}
    uintx ReservedCodeCacheSize                    = 251658240                              {pd product} {ergonomic}
     bool SegmentedCodeCache                       = true                                      {product} {ergonomic}
   size_t SoftMaxHeapSize                          = 4265607168                             {manageable} {ergonomic}
     bool UseCompressedClassPointers               = true                           {product lp64_product} {ergonomic}
     bool UseCompressedOops                        = true                           {product lp64_product} {ergonomic}
     bool UseG1GC                                  = true                                      {product} {ergonomic}
     bool UseLargePagesIndividualAllocation        = false                                  {pd product} {ergonomic}

Logging:
Log output configuration:
 #0: stdout all=warning uptime,level,tags
 #1: stderr all=off uptime,level,tags

Environment Variables:
JAVA_HOME=C:\Program Files\Android\Android Studio\jre
PATH=C:\Program Files\Microsoft\jdk-11.0.16.101-hotspot\bin;C:\Windows\system32;C:\Windows;C:\Windows\System32\Wbem;C:\Windows\System32\WindowsPowerShell\v1.0\;C:\Windows\System32\OpenSSH\;C:\Program Files\nodejs\;C:\ProgramData\chocolatey\bin;C:\Program Files\Android\Android Studio\jre\bin;C:\Program Files\Git\cmd;C:\Program Files\Git\mingw64\bin;C:\Program Files\Git\usr\bin;C:\Program Files\dotnet\;%ANDROID_HOME%\tools;%ANDROID_HOME%\tools\bin;%ANDROID_HOME%\platform-tools;C:\Program Files\MySQL\MySQL Shell 8.0\bin\;C:\Users\yjot2\miniconda3;C:\Users\yjot2\miniconda3\Library\mingw-w64\bin;C:\Users\yjot2\miniconda3\Library\usr\bin;C:\Users\yjot2\miniconda3\Library\bin;C:\Users\yjot2\miniconda3\Scripts;C:\Users\yjot2\AppData\Local\Microsoft\WindowsApps;C:\Users\yjot2\AppData\Roaming\npm;C:\Users\yjot2\AppData\Local\Programs\Microsoft VS Code\bin;C:\Users\yjot2\.dotnet\tools
USERNAME=yjot2
OS=Windows_NT
PROCESSOR_IDENTIFIER=Intel64 Family 6 Model 142 Stepping 10, GenuineIntel
TMP=C:\Users\yjot2\AppData\Local\Temp
TEMP=C:\Users\yjot2\AppData\Local\Temp


JNI global refs:
JNI global refs: 0, weak refs: 0

JNI global refs memory usage: 0, weak refs: 0

OOME stack traces (most recent first):
Classloader memory used:


---------------  S Y S T E M  ---------------

OS:
 Windows 10 , 64 bit Build 19041 (10.0.19041.3636)
OS uptime: 21 days 21:39 hours

CPU: total 8 (initial active 8) (4 cores per cpu, 2 threads per core) family 6 model 142 stepping 10 microcode 0xe0, cx8, cmov, fxsr, ht, mmx, 3dnowpref, sse, sse2, sse3, ssse3, sse4.1, sse4.2, popcnt, lzcnt, tsc, tscinvbit, avx, avx2, aes, erms, clmul, bmi1, bmi2, adx, fma, vzeroupper, clflush, clflushopt

Memory: 4k page, system-wide physical 16264M (2091M free)
TotalPageFile size 16264M (AvailPageFile size 82M)
current process WorkingSet (physical memory assigned to process): 11M, peak: 11M
current process commit charge ("private bytes"): 60M, peak: 316M

vm_info: OpenJDK 64-Bit Server VM (17.0.7+0-b2043.56-10550314) for windows-amd64 JRE (17.0.7+0-b2043.56-10550314), built on Jul 24 2023 18:27:45 by "androidbuild" with MS VC++ 16.10 / 16.11 (VS2019)

END.
